INFO 2023-03-18 12:36:49,754 basehttp 39508 140106549683968 "GET / HTTP/1.1" 200 9032
INFO 2023-03-18 12:36:49,754 basehttp 39508 140106549683968 "GET / HTTP/1.1" 200 9032
INFO 2023-03-18 12:36:51,802 basehttp 39508 140106540504832 "GET /admin/ HTTP/1.1" 302 0
INFO 2023-03-18 12:36:51,802 basehttp 39508 140106540504832 "GET /admin/ HTTP/1.1" 302 0
INFO 2023-03-18 12:36:51,962 basehttp 39508 140106540504832 "GET /admin/login/?next=/admin/ HTTP/1.1" 200 2304
INFO 2023-03-18 12:36:51,962 basehttp 39508 140106540504832 "GET /admin/login/?next=/admin/ HTTP/1.1" 200 2304
INFO 2023-03-18 12:36:52,304 basehttp 39508 140106540504832 "GET /static/admin/css/base.css HTTP/1.1" 200 19513
INFO 2023-03-18 12:36:52,304 basehttp 39508 140106540504832 "GET /static/admin/css/base.css HTTP/1.1" 200 19513
INFO 2023-03-18 12:36:52,322 basehttp 39508 140106329487104 "GET /static/admin/js/nav_sidebar.js HTTP/1.1" 200 1360
INFO 2023-03-18 12:36:52,322 basehttp 39508 140106329487104 "GET /static/admin/js/nav_sidebar.js HTTP/1.1" 200 1360
INFO 2023-03-18 12:36:52,329 basehttp 39508 140106312701696 "GET /static/admin/css/nav_sidebar.css HTTP/1.1" 200 2271
INFO 2023-03-18 12:36:52,329 basehttp 39508 140106312701696 "GET /static/admin/css/nav_sidebar.css HTTP/1.1" 200 2271
INFO 2023-03-18 12:36:52,338 basehttp 39508 140106321094400 "GET /static/admin/css/login.css HTTP/1.1" 200 939
INFO 2023-03-18 12:36:52,338 basehttp 39508 140106321094400 "GET /static/admin/css/login.css HTTP/1.1" 200 939
INFO 2023-03-18 12:36:52,354 basehttp 39508 140106304308992 "GET /static/admin/css/responsive.css HTTP/1.1" 200 18545
INFO 2023-03-18 12:36:52,354 basehttp 39508 140106304308992 "GET /static/admin/css/responsive.css HTTP/1.1" 200 18545
INFO 2023-03-18 12:36:52,382 basehttp 39508 140106304308992 "GET /static/admin/css/fonts.css HTTP/1.1" 200 423
INFO 2023-03-18 12:36:52,382 basehttp 39508 140106304308992 "GET /static/admin/css/fonts.css HTTP/1.1" 200 423
INFO 2023-03-18 12:36:52,515 basehttp 39508 140106312701696 "GET /static/admin/fonts/Roboto-Light-webfont.woff HTTP/1.1" 200 85692
INFO 2023-03-18 12:36:52,515 basehttp 39508 140106304308992 "GET /static/admin/fonts/Roboto-Regular-webfont.woff HTTP/1.1" 200 85876
INFO 2023-03-18 12:36:52,515 basehttp 39508 140106312701696 "GET /static/admin/fonts/Roboto-Light-webfont.woff HTTP/1.1" 200 85692
INFO 2023-03-18 12:36:52,515 basehttp 39508 140106304308992 "GET /static/admin/fonts/Roboto-Regular-webfont.woff HTTP/1.1" 200 85876
